  [1m[35m (432.8ms)[0m  [1m[35mCREATE DATABASE "reddit_clone_development" ENCODING = 'unicode'[0m
  ↳ bin/rails:9
  [1m[35m (359.0ms)[0m  [1m[35mCREATE DATABASE "reddit_clone_test" ENCODING = 'unicode'[0m
  ↳ bin/rails:9
  [1m[35m (14.8ms)[0m  [1m[35mCREATE TABLE "schema_migrations" ("version" character varying NOT NULL PRIMARY KEY)[0m
  ↳ bin/rails:9
  [1m[35m (15.0ms)[0m  [1m[35mCREATE TABLE "ar_internal_metadata" ("key" character varying NOT NULL PRIMARY KEY, "value" character varying, "created_at" timestamp NOT NULL, "updated_at" timestamp NOT NULL)[0m
  ↳ bin/rails:9
  [1m[35m (0.3ms)[0m  [1m[34mSELECT pg_try_advisory_lock(688274183373989625)[0m
  ↳ bin/rails:9
  [1m[35m (0.7ms)[0m  [1m[34mSELECT "schema_migrations"."version" FROM "schema_migrations" ORDER BY "schema_migrations"."version" ASC[0m
  ↳ bin/rails:9
Migrating to CreateUsers (20220121163137)
  [1m[35m (0.2ms)[0m  [1m[35mBEGIN[0m
  ↳ bin/rails:9
  [1m[35m (21.3ms)[0m  [1m[35mCREATE TABLE "users" ("id" bigserial primary key, "username" character varying NOT NULL, "password_digest" character varying NOT NULL, "session_token" character varying NOT NULL, "created_at" timestamp NOT NULL, "updated_at" timestamp NOT NULL)[0m
  ↳ db/migrate/20220121163137_create_users.rb:3
  [1m[35m (18.6ms)[0m  [1m[35mCREATE UNIQUE INDEX  "index_users_on_session_token" ON "users"  ("session_token")[0m
  ↳ db/migrate/20220121163137_create_users.rb:10
  [1m[36mActiveRecord::SchemaMigration Create (0.9ms)[0m  [1m[32mINSERT INTO "schema_migrations" ("version") VALUES ($1) RETURNING "version"[0m  [["version", "20220121163137"]]
  ↳ bin/rails:9
  [1m[35m (9.9ms)[0m  [1m[35mCOMMIT[0m
  ↳ bin/rails:9
  [1m[36mActiveRecord::InternalMetadata Load (0.5ms)[0m  [1m[34mSELECT  "ar_internal_metadata".* FROM "ar_internal_metadata" WHERE "ar_internal_metadata"."key" = $1 LIMIT $2[0m  [["key", "environment"], ["LIMIT", 1]]
  ↳ bin/rails:9
  [1m[35m (0.3ms)[0m  [1m[35mBEGIN[0m
  ↳ bin/rails:9
  [1m[36mActiveRecord::InternalMetadata Create (0.7ms)[0m  [1m[32mINSERT INTO "ar_internal_metadata" ("key", "value", "created_at", "updated_at") VALUES ($1, $2, $3, $4) RETURNING "key"[0m  [["key", "environment"], ["value", "development"], ["created_at", "2022-01-21 16:33:41.267507"], ["updated_at", "2022-01-21 16:33:41.267507"]]
  ↳ bin/rails:9
  [1m[35m (7.0ms)[0m  [1m[35mCOMMIT[0m
  ↳ bin/rails:9
  [1m[35m (0.7ms)[0m  [1m[34mSELECT pg_advisory_unlock(688274183373989625)[0m
  ↳ bin/rails:9
  [1m[35m (0.5ms)[0m  [1m[34mSELECT "schema_migrations"."version" FROM "schema_migrations" ORDER BY "schema_migrations"."version" ASC[0m
  ↳ bin/rails:9
  [1m[35m (514.2ms)[0m  [1m[35mCREATE DATABASE "reddit_clone_development" ENCODING = 'unicode'[0m
  ↳ bin/rails:9
  [1m[35m (374.3ms)[0m  [1m[35mCREATE DATABASE "reddit_clone_test" ENCODING = 'unicode'[0m
  ↳ bin/rails:9
  [1m[35m (45.6ms)[0m  [1m[35mCREATE TABLE "schema_migrations" ("version" character varying NOT NULL PRIMARY KEY)[0m
  ↳ bin/rails:9
  [1m[35m (31.7ms)[0m  [1m[35mCREATE TABLE "ar_internal_metadata" ("key" character varying NOT NULL PRIMARY KEY, "value" character varying, "created_at" timestamp NOT NULL, "updated_at" timestamp NOT NULL)[0m
  ↳ bin/rails:9
  [1m[35m (0.6ms)[0m  [1m[34mSELECT pg_try_advisory_lock(688274183373989625)[0m
  ↳ bin/rails:9
  [1m[35m (1.3ms)[0m  [1m[34mSELECT "schema_migrations"."version" FROM "schema_migrations" ORDER BY "schema_migrations"."version" ASC[0m
  ↳ bin/rails:9
Migrating to CreateUsers (20220121163137)
  [1m[35m (0.3ms)[0m  [1m[35mBEGIN[0m
  ↳ bin/rails:9
  [1m[35m (22.4ms)[0m  [1m[35mCREATE TABLE "users" ("id" bigserial primary key, "username" character varying NOT NULL, "password_digest" character varying NOT NULL, "session_token" character varying NOT NULL, "created_at" timestamp NOT NULL, "updated_at" timestamp NOT NULL)[0m
  ↳ db/migrate/20220121163137_create_users.rb:3
  [1m[35m (8.7ms)[0m  [1m[35mCREATE UNIQUE INDEX  "index_users_on_session_token" ON "users"  ("session_token")[0m
  ↳ db/migrate/20220121163137_create_users.rb:10
  [1m[36mActiveRecord::SchemaMigration Create (0.7ms)[0m  [1m[32mINSERT INTO "schema_migrations" ("version") VALUES ($1) RETURNING "version"[0m  [["version", "20220121163137"]]
  ↳ bin/rails:9
  [1m[35m (4.4ms)[0m  [1m[35mCOMMIT[0m
  ↳ bin/rails:9
  [1m[36mActiveRecord::InternalMetadata Load (3.1ms)[0m  [1m[34mSELECT  "ar_internal_metadata".* FROM "ar_internal_metadata" WHERE "ar_internal_metadata"."key" = $1 LIMIT $2[0m  [["key", "environment"], ["LIMIT", 1]]
  ↳ bin/rails:9
  [1m[35m (0.3ms)[0m  [1m[35mBEGIN[0m
  ↳ bin/rails:9
  [1m[36mActiveRecord::InternalMetadata Create (0.8ms)[0m  [1m[32mINSERT INTO "ar_internal_metadata" ("key", "value", "created_at", "updated_at") VALUES ($1, $2, $3, $4) RETURNING "key"[0m  [["key", "environment"], ["value", "development"], ["created_at", "2022-01-21 16:43:25.049364"], ["updated_at", "2022-01-21 16:43:25.049364"]]
  ↳ bin/rails:9
  [1m[35m (4.2ms)[0m  [1m[35mCOMMIT[0m
  ↳ bin/rails:9
  [1m[35m (0.5ms)[0m  [1m[34mSELECT pg_advisory_unlock(688274183373989625)[0m
  ↳ bin/rails:9
  [1m[35m (0.8ms)[0m  [1m[34mSELECT "schema_migrations"."version" FROM "schema_migrations" ORDER BY "schema_migrations"."version" ASC[0m
  ↳ bin/rails:9
  [1m[35m (1.0ms)[0m  [1m[34mSELECT "schema_migrations"."version" FROM "schema_migrations" ORDER BY "schema_migrations"."version" ASC[0m
  ↳ bin/rails:9
Started GET "/users" for ::1 at 2022-01-21 14:30:12 -0500
  [1m[35m (0.7ms)[0m  [1m[34mSELECT "schema_migrations"."version" FROM "schema_migrations" ORDER BY "schema_migrations"."version" ASC[0m
  ↳ /home/sean/.rbenv/versions/2.5.1/lib/ruby/gems/2.5.0/gems/activerecord-5.2.6/lib/active_record/log_subscriber.rb:98
Processing by UsersController#index as HTML
Redirected to http://localhost:3000/session/new
Filter chain halted as :ensure_logged_in rendered or redirected
Completed 302 Found in 7ms (ActiveRecord: 0.0ms)


Started GET "/session/new" for ::1 at 2022-01-21 14:30:12 -0500
Processing by SessionsController#new as HTML
  Rendering sessions/new.html.erb within layouts/application
  Rendered sessions/new.html.erb within layouts/application (3.0ms)
Completed 200 OK in 1227ms (Views: 1225.6ms | ActiveRecord: 0.0ms)


  [1m[35m (0.6ms)[0m  [1m[35mBEGIN[0m
  [1m[36mUser Exists (1.3ms)[0m  [1m[34mSELECT  1 AS one FROM "users" WHERE "users"."username" = $1 LIMIT $2[0m  [["username", "srm"], ["LIMIT", 1]]
  [1m[36mUser Exists (1.0ms)[0m  [1m[34mSELECT  1 AS one FROM "users" WHERE "users"."session_token" = $1 LIMIT $2[0m  [["session_token", "c--OE_W2q_xVj5BKl3YR_w"], ["LIMIT", 1]]
  [1m[36mUser Create (1.9ms)[0m  [1m[32mINSERT INTO "users" ("username", "password_digest", "session_token", "created_at", "updated_at") VALUES ($1, $2, $3, $4, $5) RETURNING "id"[0m  [["username", "srm"], ["password_digest", "$2a$12$6csPj9BCPc7v/ug/B2LrHeeiCCW7v7juWloOlzW21aZxjYnMsTLpe"], ["session_token", "c--OE_W2q_xVj5BKl3YR_w"], ["created_at", "2022-01-21 19:34:15.570235"], ["updated_at", "2022-01-21 19:34:15.570235"]]
  [1m[35m (3.7ms)[0m  [1m[35mCOMMIT[0m
  [1m[35m (0.6ms)[0m  [1m[35mBEGIN[0m
  [1m[36mUser Exists (1.1ms)[0m  [1m[34mSELECT  1 AS one FROM "users" WHERE "users"."username" = $1 LIMIT $2[0m  [["username", "hwk"], ["LIMIT", 1]]
  [1m[36mUser Exists (1.0ms)[0m  [1m[34mSELECT  1 AS one FROM "users" WHERE "users"."session_token" = $1 LIMIT $2[0m  [["session_token", "mXIBWmGg6joCLb8ztxz16A"], ["LIMIT", 1]]
  [1m[35m (0.7ms)[0m  [1m[31mROLLBACK[0m
  [1m[35m (0.8ms)[0m  [1m[35mBEGIN[0m
  [1m[36mUser Exists (1.2ms)[0m  [1m[34mSELECT  1 AS one FROM "users" WHERE "users"."username" = $1 LIMIT $2[0m  [["username", "hwk"], ["LIMIT", 1]]
  [1m[36mUser Exists (0.9ms)[0m  [1m[34mSELECT  1 AS one FROM "users" WHERE "users"."session_token" = $1 LIMIT $2[0m  [["session_token", "mXIBWmGg6joCLb8ztxz16A"], ["LIMIT", 1]]
  [1m[35m (0.5ms)[0m  [1m[31mROLLBACK[0m
  [1m[35m (0.6ms)[0m  [1m[35mBEGIN[0m
  [1m[36mUser Exists (1.1ms)[0m  [1m[34mSELECT  1 AS one FROM "users" WHERE "users"."username" = $1 LIMIT $2[0m  [["username", "hwk"], ["LIMIT", 1]]
  [1m[36mUser Exists (1.6ms)[0m  [1m[34mSELECT  1 AS one FROM "users" WHERE "users"."session_token" = $1 LIMIT $2[0m  [["session_token", "mXIBWmGg6joCLb8ztxz16A"], ["LIMIT", 1]]
  [1m[35m (0.6ms)[0m  [1m[31mROLLBACK[0m
  [1m[35m (0.4ms)[0m  [1m[35mBEGIN[0m
  [1m[36mUser Exists (0.5ms)[0m  [1m[34mSELECT  1 AS one FROM "users" WHERE "users"."username" = $1 LIMIT $2[0m  [["username", "hwk"], ["LIMIT", 1]]
  [1m[36mUser Exists (1.0ms)[0m  [1m[34mSELECT  1 AS one FROM "users" WHERE "users"."session_token" = $1 LIMIT $2[0m  [["session_token", "Zm_mvw09W2-wutJCbToHfw"], ["LIMIT", 1]]
  [1m[36mUser Create (0.9ms)[0m  [1m[32mINSERT INTO "users" ("username", "password_digest", "session_token", "created_at", "updated_at") VALUES ($1, $2, $3, $4, $5) RETURNING "id"[0m  [["username", "hwk"], ["password_digest", "$2a$12$IZxiP24SrCuHjth.K4yVWeu0wEaWPg7TCeWwgNoKwtd/zOGjezIuu"], ["session_token", "Zm_mvw09W2-wutJCbToHfw"], ["created_at", "2022-01-21 19:35:30.879470"], ["updated_at", "2022-01-21 19:35:30.879470"]]
  [1m[35m (41.8ms)[0m  [1m[35mCOMMIT[0m
  [1m[36mUser Load (1.3ms)[0m  [1m[34mSELECT "users".* FROM "users"[0m
Started GET "/session/new" for ::1 at 2022-01-21 14:41:20 -0500
Processing by SessionsController#new as HTML
  Rendering sessions/new.html.erb within layouts/application
  Rendered sessions/new.html.erb within layouts/application (1.8ms)
Completed 200 OK in 82ms (Views: 80.8ms | ActiveRecord: 0.0ms)


  [1m[36mUser Load (1.1ms)[0m  [1m[34mSELECT  "users".* FROM "users" WHERE "users"."username" = $1 LIMIT $2[0m  [["username", "hwk"], ["LIMIT", 1]]
  [1m[36mUser Load (1.4ms)[0m  [1m[34mSELECT  "users".* FROM "users" WHERE "users"."username" = $1 LIMIT $2[0m  [["username", "hwk"], ["LIMIT", 1]]
  [1m[35m (1.1ms)[0m  [1m[34mSELECT pg_try_advisory_lock(688274183373989625)[0m
  ↳ bin/rails:9
  [1m[35m (1.3ms)[0m  [1m[34mSELECT "schema_migrations"."version" FROM "schema_migrations" ORDER BY "schema_migrations"."version" ASC[0m
  ↳ bin/rails:9
Migrating to CreateSubs (20220121201026)
  [1m[35m (0.7ms)[0m  [1m[35mBEGIN[0m
  ↳ bin/rails:9
  [1m[35m (80.3ms)[0m  [1m[35mCREATE TABLE "subs" ("id" bigserial primary key, "title" character varying NOT NULL, "description" text NOT NULL, "moderator_id" integer NOT NULL, "created_at" timestamp NOT NULL, "updated_at" timestamp NOT NULL)[0m
  ↳ db/migrate/20220121201026_create_subs.rb:3
  [1m[35m (12.2ms)[0m  [1m[35mCREATE  INDEX  "index_subs_on_moderator_id" ON "subs"  ("moderator_id")[0m
  ↳ db/migrate/20220121201026_create_subs.rb:10
  [1m[36mActiveRecord::SchemaMigration Create (0.7ms)[0m  [1m[32mINSERT INTO "schema_migrations" ("version") VALUES ($1) RETURNING "version"[0m  [["version", "20220121201026"]]
  ↳ bin/rails:9
  [1m[35m (4.2ms)[0m  [1m[35mCOMMIT[0m
  ↳ bin/rails:9
  [1m[36mActiveRecord::InternalMetadata Load (2.8ms)[0m  [1m[34mSELECT  "ar_internal_metadata".* FROM "ar_internal_metadata" WHERE "ar_internal_metadata"."key" = $1 LIMIT $2[0m  [["key", "environment"], ["LIMIT", 1]]
  ↳ bin/rails:9
  [1m[35m (0.7ms)[0m  [1m[35mBEGIN[0m
  ↳ bin/rails:9
  [1m[35m (0.6ms)[0m  [1m[35mCOMMIT[0m
  ↳ bin/rails:9
  [1m[35m (0.9ms)[0m  [1m[34mSELECT pg_advisory_unlock(688274183373989625)[0m
  ↳ bin/rails:9
  [1m[35m (1.1ms)[0m  [1m[34mSELECT "schema_migrations"."version" FROM "schema_migrations" ORDER BY "schema_migrations"."version" ASC[0m
  ↳ bin/rails:9
  [1m[36mUser Load (1.3ms)[0m  [1m[34mSELECT "users".* FROM "users"[0m
  [1m[36mUser Load (2.6ms)[0m  [1m[34mSELECT  "users".* FROM "users" ORDER BY "users"."id" DESC LIMIT $1[0m  [["LIMIT", 1]]
  [1m[35m (0.6ms)[0m  [1m[35mBEGIN[0m
  [1m[35m (1.2ms)[0m  [1m[31mROLLBACK[0m
  [1m[35m (0.6ms)[0m  [1m[35mBEGIN[0m
  [1m[35m (0.6ms)[0m  [1m[31mROLLBACK[0m
  [1m[35m (0.5ms)[0m  [1m[35mBEGIN[0m
  [1m[35m (0.7ms)[0m  [1m[31mROLLBACK[0m
  [1m[35m (0.7ms)[0m  [1m[35mBEGIN[0m
  [1m[36mUser Load (0.7ms)[0m  [1m[34mSELECT  "users".* FROM "users" WHERE "users"."id" = $1 LIMIT $2[0m  [["id", 2], ["LIMIT", 1]]
  [1m[36mSub Create (1.6ms)[0m  [1m[32mINSERT INTO "subs" ("title", "description", "moderator_id", "created_at", "updated_at") VALUES ($1, $2, $3, $4, $5) RETURNING "id"[0m  [["title", "AA is so fun"], ["description", "LIES!"], ["moderator_id", 2], ["created_at", "2022-01-21 20:26:45.718601"], ["updated_at", "2022-01-21 20:26:45.718601"]]
  [1m[35m (6.0ms)[0m  [1m[35mCOMMIT[0m
  [1m[36mSub Load (1.1ms)[0m  [1m[34mSELECT  "subs".* FROM "subs" ORDER BY "subs"."id" DESC LIMIT $1[0m  [["LIMIT", 1]]
  [1m[36mSub Load (0.8ms)[0m  [1m[34mSELECT  "subs".* FROM "subs" ORDER BY "subs"."id" DESC LIMIT $1[0m  [["LIMIT", 1]]
Started GET "/" for ::1 at 2022-01-21 16:13:24 -0500
  [1m[35m (0.9ms)[0m  [1m[34mSELECT "schema_migrations"."version" FROM "schema_migrations" ORDER BY "schema_migrations"."version" ASC[0m
  ↳ /home/jonathan/.rbenv/versions/2.5.1/lib/ruby/gems/2.5.0/gems/activerecord-5.2.6/lib/active_record/log_subscriber.rb:98

ActiveRecord::PendingMigrationError - Migrations are pending. To resolve this issue, run:
        bin/rails db:migrate RAILS_ENV=development:

Started POST "/__better_errors/08bfa90d8b3dafc5/variables" for ::1 at 2022-01-21 16:13:24 -0500
Started GET "/users/new" for ::1 at 2022-01-21 16:13:34 -0500
  [1m[35m (0.5ms)[0m  [1m[34mSELECT "schema_migrations"."version" FROM "schema_migrations" ORDER BY "schema_migrations"."version" ASC[0m
  ↳ /home/jonathan/.rbenv/versions/2.5.1/lib/ruby/gems/2.5.0/gems/activerecord-5.2.6/lib/active_record/log_subscriber.rb:98

ActiveRecord::PendingMigrationError - Migrations are pending. To resolve this issue, run:
        bin/rails db:migrate RAILS_ENV=development:

Started POST "/__better_errors/6a014e726aa65aea/variables" for ::1 at 2022-01-21 16:13:35 -0500
  [1m[35m (1.5ms)[0m  [1m[34mSELECT "schema_migrations"."version" FROM "schema_migrations" ORDER BY "schema_migrations"."version" ASC[0m
  ↳ bin/rails:9
  [1m[35m (0.3ms)[0m  [1m[34mSELECT pg_try_advisory_lock(688274183373989625)[0m
  ↳ bin/rails:9
  [1m[35m (0.9ms)[0m  [1m[34mSELECT "schema_migrations"."version" FROM "schema_migrations" ORDER BY "schema_migrations"."version" ASC[0m
  ↳ bin/rails:9
Migrating to CreateSubs (20220121201026)
  [1m[35m (0.2ms)[0m  [1m[35mBEGIN[0m
  ↳ bin/rails:9
  [1m[35m (28.9ms)[0m  [1m[35mCREATE TABLE "subs" ("id" bigserial primary key, "title" character varying NOT NULL, "description" text NOT NULL, "moderator_id" integer NOT NULL, "created_at" timestamp NOT NULL, "updated_at" timestamp NOT NULL)[0m
  ↳ db/migrate/20220121201026_create_subs.rb:3
  [1m[35m (46.6ms)[0m  [1m[35mCREATE  INDEX  "index_subs_on_moderator_id" ON "subs"  ("moderator_id")[0m
  ↳ db/migrate/20220121201026_create_subs.rb:10
  [1m[36mActiveRecord::SchemaMigration Create (0.6ms)[0m  [1m[32mINSERT INTO "schema_migrations" ("version") VALUES ($1) RETURNING "version"[0m  [["version", "20220121201026"]]
  ↳ bin/rails:9
  [1m[35m (5.7ms)[0m  [1m[35mCOMMIT[0m
  ↳ bin/rails:9
  [1m[36mActiveRecord::InternalMetadata Load (0.5ms)[0m  [1m[34mSELECT  "ar_internal_metadata".* FROM "ar_internal_metadata" WHERE "ar_internal_metadata"."key" = $1 LIMIT $2[0m  [["key", "environment"], ["LIMIT", 1]]
  ↳ bin/rails:9
  [1m[35m (0.3ms)[0m  [1m[35mBEGIN[0m
  ↳ bin/rails:9
  [1m[35m (0.3ms)[0m  [1m[35mCOMMIT[0m
  ↳ bin/rails:9
  [1m[35m (10.0ms)[0m  [1m[34mSELECT pg_advisory_unlock(688274183373989625)[0m
  ↳ bin/rails:9
  [1m[35m (1.7ms)[0m  [1m[34mSELECT "schema_migrations"."version" FROM "schema_migrations" ORDER BY "schema_migrations"."version" ASC[0m
  ↳ bin/rails:9
Started GET "/users/new" for ::1 at 2022-01-21 16:14:11 -0500
  [1m[35m (0.7ms)[0m  [1m[34mSELECT "schema_migrations"."version" FROM "schema_migrations" ORDER BY "schema_migrations"."version" ASC[0m
  ↳ /home/jonathan/.rbenv/versions/2.5.1/lib/ruby/gems/2.5.0/gems/activerecord-5.2.6/lib/active_record/log_subscriber.rb:98
Processing by UsersController#new as HTML
  Rendering users/new.html.erb within layouts/application
  Rendered users/new.html.erb within layouts/application (5.9ms)
Completed 200 OK in 904ms (Views: 824.6ms | ActiveRecord: 24.0ms)


Started POST "/users" for ::1 at 2022-01-21 16:14:37 -0500
Processing by UsersController#create as HTML
  Parameters: {"authenticity_token"=>"p+Vk3g0yey7/hWmg3/1DeMkqO+K2GAN+hYcNh+/HWdQ/HMgXdeOxW7h/82sFddnyYYa2QlbICta05EN4GnMNPQ==", "user"=>{"username"=>"evan", "password"=>"[FILTERED]"}}
  [1m[35m (0.2ms)[0m  [1m[35mBEGIN[0m
  ↳ app/controllers/users_controller.rb:12
  [1m[36mUser Exists (2.1ms)[0m  [1m[34mSELECT  1 AS one FROM "users" WHERE "users"."username" = $1 LIMIT $2[0m  [["username", "evan"], ["LIMIT", 1]]
  ↳ app/controllers/users_controller.rb:12
  [1m[36mUser Exists (0.9ms)[0m  [1m[34mSELECT  1 AS one FROM "users" WHERE "users"."session_token" = $1 LIMIT $2[0m  [["session_token", "nTz_86c80VtSv11TPD4Q2w"], ["LIMIT", 1]]
  ↳ app/controllers/users_controller.rb:12
  [1m[36mUser Create (1.0ms)[0m  [1m[32mINSERT INTO "users" ("username", "password_digest", "session_token", "created_at", "updated_at") VALUES ($1, $2, $3, $4, $5) RETURNING "id"[0m  [["username", "evan"], ["password_digest", "$2a$12$JkW9ooA4cMSkjA5z3dml.epTzw9YU5WrZV2aVooowQgymaoal5Wea"], ["session_token", "nTz_86c80VtSv11TPD4Q2w"], ["created_at", "2022-01-21 21:14:38.443507"], ["updated_at", "2022-01-21 21:14:38.443507"]]
  ↳ app/controllers/users_controller.rb:12
  [1m[35m (31.7ms)[0m  [1m[35mCOMMIT[0m
  ↳ app/controllers/users_controller.rb:12
Started GET "/users/new" for ::1 at 2022-01-21 16:15:03 -0500
Completed 500 Internal Server Error in 25897ms (ActiveRecord: 35.9ms)



SystemExit - exit:
  (byebug):1:in `login!'
  app/controllers/application_controller.rb:16:in `login!'
  app/controllers/users_controller.rb:13:in `create'

Processing by UsersController#new as HTML
  Rendering users/new.html.erb within layouts/application
  Rendered users/new.html.erb within layouts/application (9.3ms)
Completed 200 OK in 1209ms (Views: 856.3ms | ActiveRecord: 21.6ms)


Started POST "/users" for ::1 at 2022-01-21 16:15:17 -0500
Processing by UsersController#create as HTML
  Parameters: {"authenticity_token"=>"xcBJd8tOfDr4YFKlv/Hw5KSswSk2TEamseNFFxBXkKldOeW+s5+2T7+ayG5leWpuDABMidacTw6AgAvo5ePEQA==", "user"=>{"username"=>"evan", "password"=>"[FILTERED]"}}
  [1m[35m (1.5ms)[0m  [1m[35mBEGIN[0m
  ↳ app/controllers/users_controller.rb:12
  [1m[36mUser Exists (2.2ms)[0m  [1m[34mSELECT  1 AS one FROM "users" WHERE "users"."username" = $1 LIMIT $2[0m  [["username", "evan"], ["LIMIT", 1]]
  ↳ app/controllers/users_controller.rb:12
  [1m[36mUser Exists (2.6ms)[0m  [1m[34mSELECT  1 AS one FROM "users" WHERE "users"."session_token" = $1 LIMIT $2[0m  [["session_token", "C1Bw8WbdOyQ5Pph9zeDwTw"], ["LIMIT", 1]]
  ↳ app/controllers/users_controller.rb:12
  [1m[35m (12.2ms)[0m  [1m[31mROLLBACK[0m
  ↳ app/controllers/users_controller.rb:12
  Rendering users/new.html.erb within layouts/application
  Rendered users/new.html.erb within layouts/application (63.5ms)
Completed 200 OK in 2778ms (Views: 1239.7ms | ActiveRecord: 18.4ms)


Started GET "/users" for ::1 at 2022-01-21 16:19:15 -0500
Processing by UsersController#index as HTML
  [1m[36mUser Load (4.5ms)[0m  [1m[34mSELECT  "users".* FROM "users" WHERE "users"."session_token" IS NULL LIMIT $1[0m  [["LIMIT", 1]]
  ↳ app/controllers/application_controller.rb:6
Redirected to http://localhost:3000/session/new
Filter chain halted as :ensure_logged_in rendered or redirected
Completed 302 Found in 182ms (ActiveRecord: 18.9ms)


Started GET "/session/new" for ::1 at 2022-01-21 16:19:15 -0500
Processing by SessionsController#new as HTML
  Rendering sessions/new.html.erb within layouts/application
  Rendered sessions/new.html.erb within layouts/application (22.5ms)
Completed 200 OK in 1206ms (Views: 1185.0ms | ActiveRecord: 0.0ms)


Started GET "/users/new" for ::1 at 2022-01-21 16:19:24 -0500
Processing by UsersController#new as HTML
  Rendering users/new.html.erb within layouts/application
  Rendered users/new.html.erb within layouts/application (32.4ms)
Completed 200 OK in 1144ms (Views: 1046.9ms | ActiveRecord: 0.0ms)


Started POST "/users" for ::1 at 2022-01-21 16:19:33 -0500
Processing by UsersController#create as HTML
  Parameters: {"authenticity_token"=>"td19vY8PAQtX9e2umfu4PNbUfQGLER1KzACYD5KNeG4tJNF0997LfhAPd2VDcyK2fnjwoWvBFOL9Y9bwZzkshw==", "user"=>{"username"=>"evan", "password"=>"[FILTERED]"}}
  [1m[35m (1.5ms)[0m  [1m[35mBEGIN[0m
  ↳ app/controllers/users_controller.rb:12
  [1m[36mUser Exists (14.6ms)[0m  [1m[34mSELECT  1 AS one FROM "users" WHERE "users"."username" = $1 LIMIT $2[0m  [["username", "evan"], ["LIMIT", 1]]
  ↳ app/controllers/users_controller.rb:12
  [1m[36mUser Exists (2.5ms)[0m  [1m[34mSELECT  1 AS one FROM "users" WHERE "users"."session_token" = $1 LIMIT $2[0m  [["session_token", "JF0CggCnfuuZT7-svI2yYQ"], ["LIMIT", 1]]
  ↳ app/controllers/users_controller.rb:12
  [1m[35m (2.4ms)[0m  [1m[31mROLLBACK[0m
  ↳ app/controllers/users_controller.rb:12
  Rendering users/new.html.erb within layouts/application
  Rendered users/new.html.erb within layouts/application (8.8ms)
Completed 200 OK in 1887ms (Views: 1020.2ms | ActiveRecord: 20.9ms)


Started GET "/users" for ::1 at 2022-01-21 16:20:04 -0500
Processing by UsersController#index as HTML
  [1m[36mUser Load (2.3ms)[0m  [1m[34mSELECT  "users".* FROM "users" WHERE "users"."session_token" IS NULL LIMIT $1[0m  [["LIMIT", 1]]
  ↳ app/controllers/application_controller.rb:6
Redirected to http://localhost:3000/session/new
Filter chain halted as :ensure_logged_in rendered or redirected
Completed 302 Found in 325ms (ActiveRecord: 5.1ms)


Started GET "/session/new" for ::1 at 2022-01-21 16:20:07 -0500
Processing by SessionsController#new as HTML
  Rendering sessions/new.html.erb within layouts/application
  Rendered sessions/new.html.erb within layouts/application (24.8ms)
Completed 200 OK in 1135ms (Views: 1116.6ms | ActiveRecord: 0.0ms)


Started GET "/users/new" for ::1 at 2022-01-21 16:20:13 -0500
Processing by UsersController#new as HTML
  Rendering users/new.html.erb within layouts/application
  Rendered users/new.html.erb within layouts/application (25.2ms)
Completed 200 OK in 1418ms (Views: 1016.3ms | ActiveRecord: 24.0ms)


Started POST "/users" for ::1 at 2022-01-21 16:20:21 -0500
Processing by UsersController#create as HTML
  Parameters: {"authenticity_token"=>"Tlxg0iRRpRVAk2EnoNMvBoEM6ESDVYtghbnyuelIbD3WpcwbXIBvYAdp++x6W7WMKaBl5GOFgsi02rxGHPw41A==", "user"=>{"username"=>"evan", "password"=>"[FILTERED]"}}
  [1m[35m (11.8ms)[0m  [1m[35mBEGIN[0m
  ↳ app/controllers/users_controller.rb:12
  [1m[36mUser Exists (4.6ms)[0m  [1m[34mSELECT  1 AS one FROM "users" WHERE "users"."username" = $1 LIMIT $2[0m  [["username", "evan"], ["LIMIT", 1]]
  ↳ app/controllers/users_controller.rb:12
  [1m[36mUser Exists (1.6ms)[0m  [1m[34mSELECT  1 AS one FROM "users" WHERE "users"."session_token" = $1 LIMIT $2[0m  [["session_token", "9PCVRpO8uRIkCbTuk7YzSg"], ["LIMIT", 1]]
  ↳ app/controllers/users_controller.rb:12
  [1m[35m (2.1ms)[0m  [1m[31mROLLBACK[0m
  ↳ app/controllers/users_controller.rb:12
  Rendering users/new.html.erb within layouts/application
  Rendered users/new.html.erb within layouts/application (12.0ms)
Completed 200 OK in 1826ms (Views: 1063.6ms | ActiveRecord: 20.1ms)


Started GET "/users" for ::1 at 2022-01-21 16:21:10 -0500
Processing by UsersController#index as HTML
  [1m[36mUser Load (2.3ms)[0m  [1m[34mSELECT  "users".* FROM "users" WHERE "users"."session_token" IS NULL LIMIT $1[0m  [["LIMIT", 1]]
  ↳ app/controllers/application_controller.rb:6
Redirected to http://localhost:3000/session/new
Filter chain halted as :ensure_logged_in rendered or redirected
Completed 302 Found in 308ms (ActiveRecord: 5.8ms)


Started GET "/session/new" for ::1 at 2022-01-21 16:21:13 -0500
Processing by SessionsController#new as HTML
  Rendering sessions/new.html.erb within layouts/application
  Rendered sessions/new.html.erb within layouts/application (44.8ms)
Completed 200 OK in 1436ms (Views: 1396.1ms | ActiveRecord: 0.0ms)


Started GET "/users/new" for ::1 at 2022-01-21 16:21:34 -0500
Processing by UsersController#new as HTML
  Rendering users/new.html.erb within layouts/application
  Rendered users/new.html.erb within layouts/application (20.8ms)
Completed 200 OK in 1443ms (Views: 1050.6ms | ActiveRecord: 12.8ms)


Started POST "/users" for ::1 at 2022-01-21 16:21:42 -0500
Processing by UsersController#create as HTML
  Parameters: {"authenticity_token"=>"PJ89C4KOKOOvGxC0ohzckfYkuABNsZ698aikUdM0NkakZpHC+l/ilujhin94lEYbXog1oK1hlxXAy+quJoBirw==", "user"=>{"username"=>"evan", "password"=>"[FILTERED]"}}
  [1m[35m (1.6ms)[0m  [1m[35mBEGIN[0m
  ↳ (byebug):1
  [1m[36mUser Exists (0.8ms)[0m  [1m[34mSELECT  1 AS one FROM "users" WHERE "users"."username" = $1 LIMIT $2[0m  [["username", "evan"], ["LIMIT", 1]]
  ↳ (byebug):1
  [1m[36mUser Exists (0.7ms)[0m  [1m[34mSELECT  1 AS one FROM "users" WHERE "users"."session_token" = $1 LIMIT $2[0m  [["session_token", "TSztTU31DW-6dKQZbw1yHA"], ["LIMIT", 1]]
  ↳ (byebug):1
  [1m[35m (0.4ms)[0m  [1m[31mROLLBACK[0m
  ↳ (byebug):1
  [1m[35m (0.3ms)[0m  [1m[35mBEGIN[0m
  ↳ app/controllers/users_controller.rb:12
  [1m[36mUser Exists (0.6ms)[0m  [1m[34mSELECT  1 AS one FROM "users" WHERE "users"."username" = $1 LIMIT $2[0m  [["username", "evan"], ["LIMIT", 1]]
  ↳ app/controllers/users_controller.rb:12
  [1m[36mUser Exists (0.7ms)[0m  [1m[34mSELECT  1 AS one FROM "users" WHERE "users"."session_token" = $1 LIMIT $2[0m  [["session_token", "TSztTU31DW-6dKQZbw1yHA"], ["LIMIT", 1]]
  ↳ app/controllers/users_controller.rb:12
  [1m[35m (0.3ms)[0m  [1m[31mROLLBACK[0m
  ↳ app/controllers/users_controller.rb:12
  Rendering users/new.html.erb within layouts/application
  Rendered users/new.html.erb within layouts/application (7.4ms)
Completed 200 OK in 111742ms (Views: 98.4ms | ActiveRecord: 5.4ms)


Started POST "/users" for ::1 at 2022-01-21 16:25:05 -0500
Processing by UsersController#create as HTML
  Parameters: {"authenticity_token"=>"+yPpRKtaHy4bYBj1+DfjYZluR+Jn3O3SqmN/NDgkqzNj2kWN04vVW1yagj4iv3nrMcLKQocM5HqbADHLzZD/2g==", "user"=>{"username"=>"evan", "password"=>"[FILTERED]"}}
Completed 500 Internal Server Error in 90664ms (ActiveRecord: 0.0ms)



SystemExit - exit:
  (byebug):1:in `create'
  app/controllers/users_controller.rb:12:in `create'

Started POST "/__better_errors/bed69e31fe389322/variables" for ::1 at 2022-01-21 16:26:36 -0500
Started GET "/users/new" for ::1 at 2022-01-21 16:26:45 -0500
Processing by UsersController#new as HTML
  Rendering users/new.html.erb within layouts/application
  Rendered users/new.html.erb within layouts/application (58.3ms)
Completed 200 OK in 1109ms (Views: 1030.7ms | ActiveRecord: 0.0ms)


Started POST "/users" for ::1 at 2022-01-21 16:26:51 -0500
Processing by UsersController#create as HTML
  Parameters: {"authenticity_token"=>"bj05nt4qlxZ3UDxisKH90fXNLVMMnF6DNeUHc1yiChD2xJVXpvtdYzCqpqlqKWdbXWGg8+xMVysEhkmMqRZe+Q==", "user"=>{"username"=>"cathy", "password"=>"[FILTERED]"}}
  [1m[35m (0.3ms)[0m  [1m[35mBEGIN[0m
  ↳ app/controllers/users_controller.rb:12
  [1m[36mUser Exists (0.6ms)[0m  [1m[34mSELECT  1 AS one FROM "users" WHERE "users"."username" = $1 LIMIT $2[0m  [["username", "cathy"], ["LIMIT", 1]]
  ↳ app/controllers/users_controller.rb:12
  [1m[36mUser Exists (0.5ms)[0m  [1m[34mSELECT  1 AS one FROM "users" WHERE "users"."session_token" = $1 LIMIT $2[0m  [["session_token", "ldjUHJiFNQwaqqd95whZ2A"], ["LIMIT", 1]]
  ↳ app/controllers/users_controller.rb:12
  [1m[36mUser Create (1.0ms)[0m  [1m[32mINSERT INTO "users" ("username", "password_digest", "session_token", "created_at", "updated_at") VALUES ($1, $2, $3, $4, $5) RETURNING "id"[0m  [["username", "cathy"], ["password_digest", "$2a$12$sbBBQyrYF1h.ieztmkn1ku5WNHv6MB8tLwafecjgM5XAzPlWfXo6K"], ["session_token", "ldjUHJiFNQwaqqd95whZ2A"], ["created_at", "2022-01-21 21:26:59.596178"], ["updated_at", "2022-01-21 21:26:59.596178"]]
  ↳ app/controllers/users_controller.rb:12
  [1m[35m (19.6ms)[0m  [1m[35mCOMMIT[0m
  ↳ app/controllers/users_controller.rb:12
  [1m[35m (0.2ms)[0m  [1m[35mBEGIN[0m
  ↳ app/models/user.rb:34
  [1m[36mUser Exists (0.8ms)[0m  [1m[34mSELECT  1 AS one FROM "users" WHERE "users"."username" = $1 AND "users"."id" != $2 LIMIT $3[0m  [["username", "cathy"], ["id", 2], ["LIMIT", 1]]
  ↳ app/models/user.rb:34
  [1m[36mUser Exists (0.6ms)[0m  [1m[34mSELECT  1 AS one FROM "users" WHERE "users"."session_token" = $1 AND "users"."id" != $2 LIMIT $3[0m  [["session_token", "4tPjbWIqPclnZ3kXsXGoDA"], ["id", 2], ["LIMIT", 1]]
  ↳ app/models/user.rb:34
  [1m[36mUser Update (0.6ms)[0m  [1m[33mUPDATE "users" SET "session_token" = $1, "updated_at" = $2 WHERE "users"."id" = $3[0m  [["session_token", "4tPjbWIqPclnZ3kXsXGoDA"], ["updated_at", "2022-01-21 21:26:59.625731"], ["id", 2]]
  ↳ app/models/user.rb:34
  [1m[35m (14.0ms)[0m  [1m[35mCOMMIT[0m
  ↳ app/models/user.rb:34
Redirected to http://localhost:3000/users
Completed 302 Found in 7615ms (ActiveRecord: 38.3ms)


Started GET "/users" for ::1 at 2022-01-21 16:26:59 -0500
Processing by UsersController#index as HTML
  [1m[36mUser Load (0.5ms)[0m  [1m[34mSELECT  "users".* FROM "users" WHERE "users"."session_token" = $1 LIMIT $2[0m  [["session_token", "4tPjbWIqPclnZ3kXsXGoDA"], ["LIMIT", 1]]
  ↳ app/controllers/application_controller.rb:6
  Rendering users/index.html.erb within layouts/application
  Rendered users/index.html.erb within layouts/application (0.5ms)
Completed 200 OK in 74ms (Views: 69.4ms | ActiveRecord: 0.5ms)


Started GET "/users/new" for ::1 at 2022-01-21 16:30:11 -0500
Processing by UsersController#new as HTML
  Rendering users/new.html.erb within layouts/application
  Rendered users/new.html.erb within layouts/application (1.1ms)
Completed 200 OK in 89ms (Views: 87.4ms | ActiveRecord: 0.0ms)


Started POST "/users" for ::1 at 2022-01-21 16:30:18 -0500
Processing by UsersController#create as HTML
  Parameters: {"authenticity_token"=>"QXLlB/n0W1l+AJZuhwbzuKXo6uroIH69Ro9QKj/vQwPZi0nOgSWRLDn6DKVdjmkyDURnSgjwdxV37B7VylsX6g==", "user"=>{"username"=>"raz", "password"=>"[FILTERED]"}}
  [1m[35m (0.6ms)[0m  [1m[35mBEGIN[0m
  ↳ app/controllers/users_controller.rb:12
  [1m[36mUser Exists (0.7ms)[0m  [1m[34mSELECT  1 AS one FROM "users" WHERE "users"."username" = $1 LIMIT $2[0m  [["username", "raz"], ["LIMIT", 1]]
  ↳ app/controllers/users_controller.rb:12
  [1m[36mUser Exists (0.7ms)[0m  [1m[34mSELECT  1 AS one FROM "users" WHERE "users"."session_token" = $1 LIMIT $2[0m  [["session_token", "X4fiMWoD56cIOXHQvc3fIQ"], ["LIMIT", 1]]
  ↳ app/controllers/users_controller.rb:12
  [1m[36mUser Create (0.6ms)[0m  [1m[32mINSERT INTO "users" ("username", "password_digest", "session_token", "created_at", "updated_at") VALUES ($1, $2, $3, $4, $5) RETURNING "id"[0m  [["username", "raz"], ["password_digest", "$2a$12$T3.wk.wnM33q4u9A2Ef79.12y103aAB5nsItQt7fZmSgrGETKQ6Eu"], ["session_token", "X4fiMWoD56cIOXHQvc3fIQ"], ["created_at", "2022-01-21 21:31:16.434168"], ["updated_at", "2022-01-21 21:31:16.434168"]]
  ↳ app/controllers/users_controller.rb:12
  [1m[35m (18.4ms)[0m  [1m[35mCOMMIT[0m
  ↳ app/controllers/users_controller.rb:12
  [1m[35m (0.4ms)[0m  [1m[35mBEGIN[0m
  ↳ app/models/user.rb:34
  [1m[36mUser Exists (0.6ms)[0m  [1m[34mSELECT  1 AS one FROM "users" WHERE "users"."username" = $1 AND "users"."id" != $2 LIMIT $3[0m  [["username", "raz"], ["id", 3], ["LIMIT", 1]]
  ↳ app/models/user.rb:34
  [1m[36mUser Exists (0.6ms)[0m  [1m[34mSELECT  1 AS one FROM "users" WHERE "users"."session_token" = $1 AND "users"."id" != $2 LIMIT $3[0m  [["session_token", "YS6mhbuA7YVJj0MMX6Jn2A"], ["id", 3], ["LIMIT", 1]]
  ↳ app/models/user.rb:34
  [1m[36mUser Update (0.6ms)[0m  [1m[33mUPDATE "users" SET "session_token" = $1, "updated_at" = $2 WHERE "users"."id" = $3[0m  [["session_token", "YS6mhbuA7YVJj0MMX6Jn2A"], ["updated_at", "2022-01-21 21:31:16.462209"], ["id", 3]]
  ↳ app/models/user.rb:34
  [1m[35m (10.6ms)[0m  [1m[35mCOMMIT[0m
  ↳ app/models/user.rb:34
Redirected to http://localhost:3000/users
Completed 302 Found in 58231ms (ActiveRecord: 33.7ms)


Started GET "/users" for ::1 at 2022-01-21 16:31:16 -0500
Processing by UsersController#index as HTML
  [1m[36mUser Load (0.7ms)[0m  [1m[34mSELECT  "users".* FROM "users" WHERE "users"."session_token" = $1 LIMIT $2[0m  [["session_token", "YS6mhbuA7YVJj0MMX6Jn2A"], ["LIMIT", 1]]
  ↳ app/controllers/application_controller.rb:6
  Rendering users/index.html.erb within layouts/application
  Rendered users/index.html.erb within layouts/application (0.6ms)
Completed 200 OK in 109ms (Views: 105.6ms | ActiveRecord: 0.7ms)


Started GET "/users/new" for ::1 at 2022-01-21 16:33:25 -0500
Processing by UsersController#new as HTML
  Rendering users/new.html.erb within layouts/application
  Rendered users/new.html.erb within layouts/application (1.0ms)
Completed 200 OK in 96ms (Views: 94.0ms | ActiveRecord: 0.0ms)


Started POST "/users" for ::1 at 2022-01-21 16:33:36 -0500
Processing by UsersController#create as HTML
  Parameters: {"authenticity_token"=>"dwnwY2Hh+a51G3N8/XdJJL9Z/Ti1o2wnZRAZSNz3GE3v8FyqGTAz2zLh6bcn/9OuF/VwmFVzZY9Uc1e3KUNMpA==", "user"=>{"username"=>"amin", "password"=>"[FILTERED]"}}
  [1m[35m (0.4ms)[0m  [1m[35mBEGIN[0m
  ↳ app/controllers/users_controller.rb:12
  [1m[36mUser Exists (0.5ms)[0m  [1m[34mSELECT  1 AS one FROM "users" WHERE "users"."username" = $1 LIMIT $2[0m  [["username", "amin"], ["LIMIT", 1]]
  ↳ app/controllers/users_controller.rb:12
  [1m[36mUser Exists (0.6ms)[0m  [1m[34mSELECT  1 AS one FROM "users" WHERE "users"."session_token" = $1 LIMIT $2[0m  [["session_token", "C0wSNLsoMQAjO06dfiBCBQ"], ["LIMIT", 1]]
  ↳ app/controllers/users_controller.rb:12
  [1m[36mUser Create (0.6ms)[0m  [1m[32mINSERT INTO "users" ("username", "password_digest", "session_token", "created_at", "updated_at") VALUES ($1, $2, $3, $4, $5) RETURNING "id"[0m  [["username", "amin"], ["password_digest", "$2a$12$5EK7eUKgSGmCWI6jGEmkpOyi9SSoVmmJdwszmPSq/YER3vWqdWMNm"], ["session_token", "C0wSNLsoMQAjO06dfiBCBQ"], ["created_at", "2022-01-21 21:33:45.384948"], ["updated_at", "2022-01-21 21:33:45.384948"]]
  ↳ app/controllers/users_controller.rb:12
  [1m[35m (16.9ms)[0m  [1m[35mCOMMIT[0m
  ↳ app/controllers/users_controller.rb:12
  [1m[35m (0.3ms)[0m  [1m[35mBEGIN[0m
  ↳ app/models/user.rb:34
  [1m[36mUser Exists (0.6ms)[0m  [1m[34mSELECT  1 AS one FROM "users" WHERE "users"."username" = $1 AND "users"."id" != $2 LIMIT $3[0m  [["username", "amin"], ["id", 4], ["LIMIT", 1]]
  ↳ app/models/user.rb:34
  [1m[36mUser Exists (0.6ms)[0m  [1m[34mSELECT  1 AS one FROM "users" WHERE "users"."session_token" = $1 AND "users"."id" != $2 LIMIT $3[0m  [["session_token", "X41YInvfqCgJLc7YB7G2Sw"], ["id", 4], ["LIMIT", 1]]
  ↳ app/models/user.rb:34
  [1m[36mUser Update (1.4ms)[0m  [1m[33mUPDATE "users" SET "session_token" = $1, "updated_at" = $2 WHERE "users"."id" = $3[0m  [["session_token", "X41YInvfqCgJLc7YB7G2Sw"], ["updated_at", "2022-01-21 21:33:45.411015"], ["id", 4]]
  ↳ app/models/user.rb:34
  [1m[35m (27.0ms)[0m  [1m[35mCOMMIT[0m
  ↳ app/models/user.rb:34
Redirected to http://localhost:3000/users
Completed 302 Found in 9198ms (ActiveRecord: 48.9ms)


Started GET "/users" for ::1 at 2022-01-21 16:33:45 -0500
Processing by UsersController#index as HTML
  [1m[36mUser Load (0.6ms)[0m  [1m[34mSELECT  "users".* FROM "users" WHERE "users"."session_token" = $1 LIMIT $2[0m  [["session_token", "X41YInvfqCgJLc7YB7G2Sw"], ["LIMIT", 1]]
  ↳ app/controllers/application_controller.rb:6
  Rendering users/index.html.erb within layouts/application
  Rendered users/index.html.erb within layouts/application (0.6ms)
Completed 200 OK in 130ms (Views: 125.1ms | ActiveRecord: 0.6ms)


Started GET "/users/new" for ::1 at 2022-01-21 16:37:26 -0500
Processing by UsersController#new as HTML
  Rendering users/new.html.erb within layouts/application
  Rendered users/new.html.erb within layouts/application (1.0ms)
Completed 200 OK in 144ms (Views: 101.0ms | ActiveRecord: 5.7ms)


Started POST "/users" for ::1 at 2022-01-21 16:37:34 -0500
Processing by UsersController#create as HTML
  Parameters: {"authenticity_token"=>"5Ss5Jrt8boVhhPiP/nAev6p0s8OmHayFLr91aQ5wKNx90pXvw62k8CZ+YkQk+IQ1Atg+Y0bNpS0f3DuW+8R8NQ==", "user"=>{"username"=>"kevin", "password"=>"[FILTERED]"}}
  [1m[35m (0.5ms)[0m  [1m[35mBEGIN[0m
  ↳ app/controllers/users_controller.rb:12
  [1m[36mUser Exists (0.6ms)[0m  [1m[34mSELECT  1 AS one FROM "users" WHERE "users"."username" = $1 LIMIT $2[0m  [["username", "kevin"], ["LIMIT", 1]]
  ↳ app/controllers/users_controller.rb:12
  [1m[36mUser Exists (0.5ms)[0m  [1m[34mSELECT  1 AS one FROM "users" WHERE "users"."session_token" = $1 LIMIT $2[0m  [["session_token", "zYHt3aexNga25gEgtoP71w"], ["LIMIT", 1]]
  ↳ app/controllers/users_controller.rb:12
  [1m[36mUser Create (0.6ms)[0m  [1m[32mINSERT INTO "users" ("username", "password_digest", "session_token", "created_at", "updated_at") VALUES ($1, $2, $3, $4, $5) RETURNING "id"[0m  [["username", "kevin"], ["password_digest", "$2a$12$SLWtQkgy7h3IV9IstUcy3ug5xWRXPenPvnlRSittxhrB1/oXKKAjO"], ["session_token", "zYHt3aexNga25gEgtoP71w"], ["created_at", "2022-01-21 21:37:34.745432"], ["updated_at", "2022-01-21 21:37:34.745432"]]
  ↳ app/controllers/users_controller.rb:12
  [1m[35m (28.0ms)[0m  [1m[35mCOMMIT[0m
  ↳ app/controllers/users_controller.rb:12
  [1m[35m (0.3ms)[0m  [1m[35mBEGIN[0m
  ↳ app/models/user.rb:36
  [1m[36mUser Exists (0.7ms)[0m  [1m[34mSELECT  1 AS one FROM "users" WHERE "users"."username" = $1 AND "users"."id" != $2 LIMIT $3[0m  [["username", "kevin"], ["id", 5], ["LIMIT", 1]]
  ↳ app/models/user.rb:36
  [1m[36mUser Exists (0.6ms)[0m  [1m[34mSELECT  1 AS one FROM "users" WHERE "users"."session_token" = $1 AND "users"."id" != $2 LIMIT $3[0m  [["session_token", "Ey-id9Vvosv_k6FmF9RaRg"], ["id", 5], ["LIMIT", 1]]
  ↳ app/models/user.rb:36
  [1m[36mUser Update (0.8ms)[0m  [1m[33mUPDATE "users" SET "session_token" = $1, "updated_at" = $2 WHERE "users"."id" = $3[0m  [["session_token", "Ey-id9Vvosv_k6FmF9RaRg"], ["updated_at", "2022-01-21 21:37:34.781927"], ["id", 5]]
  ↳ app/models/user.rb:36
  [1m[35m (29.0ms)[0m  [1m[35mCOMMIT[0m
  ↳ app/models/user.rb:36
Redirected to http://localhost:3000/users
Completed 302 Found in 505ms (ActiveRecord: 61.6ms)


Started GET "/users" for ::1 at 2022-01-21 16:37:34 -0500
Processing by UsersController#index as HTML
  [1m[36mUser Load (0.5ms)[0m  [1m[34mSELECT  "users".* FROM "users" WHERE "users"."session_token" = $1 LIMIT $2[0m  [["session_token", "Ey-id9Vvosv_k6FmF9RaRg"], ["LIMIT", 1]]
  ↳ app/controllers/application_controller.rb:6
  Rendering users/index.html.erb within layouts/application
  Rendered users/index.html.erb within layouts/application (0.5ms)
Completed 200 OK in 100ms (Views: 95.7ms | ActiveRecord: 0.5ms)


Started GET "/users/new" for ::1 at 2022-01-21 16:39:56 -0500
Processing by UsersController#new as HTML
  Rendering users/new.html.erb within layouts/application
  Rendered users/new.html.erb within layouts/application (1.1ms)
Completed 200 OK in 137ms (Views: 107.6ms | ActiveRecord: 6.1ms)


Started POST "/users" for ::1 at 2022-01-21 16:40:18 -0500
Processing by UsersController#create as HTML
  Parameters: {"authenticity_token"=>"IRlwEi0fD38qXlTpsHAXGh+8xnYA3uJOslmbFrUF88y54NzbVc7FCm2kziJq+I2QtxBL1uAO6+aDOtXpQLGnJQ==", "user"=>{"username"=>"maddie", "password"=>"[FILTERED]"}}
  [1m[35m (0.5ms)[0m  [1m[35mBEGIN[0m
  ↳ app/controllers/users_controller.rb:12
  [1m[36mUser Exists (0.6ms)[0m  [1m[34mSELECT  1 AS one FROM "users" WHERE "users"."username" = $1 LIMIT $2[0m  [["username", "maddie"], ["LIMIT", 1]]
  ↳ app/controllers/users_controller.rb:12
  [1m[36mUser Exists (0.7ms)[0m  [1m[34mSELECT  1 AS one FROM "users" WHERE "users"."session_token" = $1 LIMIT $2[0m  [["session_token", "1L59Cx_w1EkBZRP0uaGMDA"], ["LIMIT", 1]]
  ↳ app/controllers/users_controller.rb:12
  [1m[36mUser Create (0.6ms)[0m  [1m[32mINSERT INTO "users" ("username", "password_digest", "session_token", "created_at", "updated_at") VALUES ($1, $2, $3, $4, $5) RETURNING "id"[0m  [["username", "maddie"], ["password_digest", "$2a$12$ScjGRuaW3pzU7KYRMw2dw.HrOSGY/wYyvVTeiH/ABEuMz5tRZQFpq"], ["session_token", "1L59Cx_w1EkBZRP0uaGMDA"], ["created_at", "2022-01-21 21:40:18.748138"], ["updated_at", "2022-01-21 21:40:18.748138"]]
  ↳ app/controllers/users_controller.rb:12
  [1m[35m (8.1ms)[0m  [1m[35mCOMMIT[0m
  ↳ app/controllers/users_controller.rb:12
  [1m[35m (0.3ms)[0m  [1m[35mBEGIN[0m
  ↳ app/models/user.rb:36
  [1m[36mUser Exists (0.7ms)[0m  [1m[34mSELECT  1 AS one FROM "users" WHERE "users"."username" = $1 AND "users"."id" != $2 LIMIT $3[0m  [["username", "maddie"], ["id", 6], ["LIMIT", 1]]
  ↳ app/models/user.rb:36
  [1m[36mUser Exists (0.6ms)[0m  [1m[34mSELECT  1 AS one FROM "users" WHERE "users"."session_token" = $1 AND "users"."id" != $2 LIMIT $3[0m  [["session_token", "d2MUR4xkgVrVJWAgJMk9Xg"], ["id", 6], ["LIMIT", 1]]
  ↳ app/models/user.rb:36
  [1m[36mUser Update (0.6ms)[0m  [1m[33mUPDATE "users" SET "session_token" = $1, "updated_at" = $2 WHERE "users"."id" = $3[0m  [["session_token", "d2MUR4xkgVrVJWAgJMk9Xg"], ["updated_at", "2022-01-21 21:40:18.766152"], ["id", 6]]
  ↳ app/models/user.rb:36
  [1m[35m (8.4ms)[0m  [1m[35mCOMMIT[0m
  ↳ app/models/user.rb:36
Redirected to http://localhost:3000/users
Completed 302 Found in 458ms (ActiveRecord: 21.1ms)


Started GET "/users" for ::1 at 2022-01-21 16:40:18 -0500
Processing by UsersController#index as HTML
  [1m[36mUser Load (0.7ms)[0m  [1m[34mSELECT  "users".* FROM "users" WHERE "users"."session_token" = $1 LIMIT $2[0m  [["session_token", "d2MUR4xkgVrVJWAgJMk9Xg"], ["LIMIT", 1]]
  ↳ app/controllers/application_controller.rb:6
  Rendering users/index.html.erb within layouts/application
  Rendered users/index.html.erb within layouts/application (0.5ms)
Completed 200 OK in 110ms (Views: 97.0ms | ActiveRecord: 0.7ms)


Started GET "/" for ::1 at 2022-01-21 16:47:50 -0500
  [1m[35m (1.5ms)[0m  [1m[34mSELECT "schema_migrations"."version" FROM "schema_migrations" ORDER BY "schema_migrations"."version" ASC[0m
  ↳ /home/sean/.rbenv/versions/2.5.1/lib/ruby/gems/2.5.0/gems/activerecord-5.2.6/lib/active_record/log_subscriber.rb:98
Processing by Rails::WelcomeController#index as HTML
  Rendering /home/sean/.rbenv/versions/2.5.1/lib/ruby/gems/2.5.0/gems/railties-5.2.6/lib/rails/templates/rails/welcome/index.html.erb
  Rendered /home/sean/.rbenv/versions/2.5.1/lib/ruby/gems/2.5.0/gems/railties-5.2.6/lib/rails/templates/rails/welcome/index.html.erb (3.0ms)
Completed 200 OK in 14ms (Views: 7.2ms | ActiveRecord: 0.0ms)


Started GET "/users.new" for ::1 at 2022-01-21 16:48:01 -0500
Processing by UsersController#index as 
  [1m[36mUser Load (0.7ms)[0m  [1m[34mSELECT  "users".* FROM "users" WHERE "users"."session_token" IS NULL LIMIT $1[0m  [["LIMIT", 1]]
  ↳ app/controllers/application_controller.rb:6
Redirected to http://localhost:3000/session/new
Filter chain halted as :ensure_logged_in rendered or redirected
Completed 302 Found in 21ms (ActiveRecord: 3.6ms)


Started GET "/session/new" for ::1 at 2022-01-21 16:48:01 -0500
Processing by SessionsController#new as HTML
  Rendering sessions/new.html.erb within layouts/application
  Rendered sessions/new.html.erb within layouts/application (1.0ms)
Completed 200 OK in 307ms (Views: 305.6ms | ActiveRecord: 0.0ms)


Started GET "/users/new" for ::1 at 2022-01-21 16:48:17 -0500
Processing by UsersController#new as HTML
  Rendering users/new.html.erb within layouts/application
  Rendered users/new.html.erb within layouts/application (1.1ms)
Completed 200 OK in 50ms (Views: 38.9ms | ActiveRecord: 4.3ms)


Started GET "/users" for ::1 at 2022-01-21 16:57:22 -0500
Processing by UsersController#index as HTML
  [1m[36mUser Load (3.4ms)[0m  [1m[34mSELECT  "users".* FROM "users" WHERE "users"."session_token" IS NULL LIMIT $1[0m  [["LIMIT", 1]]
  ↳ app/controllers/application_controller.rb:6
Redirected to http://localhost:3000/session/new
Filter chain halted as :ensure_logged_in rendered or redirected
Completed 302 Found in 20ms (ActiveRecord: 7.1ms)


Started GET "/session/new" for ::1 at 2022-01-21 16:57:22 -0500
Processing by SessionsController#new as HTML
  Rendering sessions/new.html.erb within layouts/application
  Rendered sessions/new.html.erb within layouts/application (1.0ms)
Completed 200 OK in 73ms (Views: 69.9ms | ActiveRecord: 0.0ms)


Started GET "/users" for ::1 at 2022-01-21 16:57:34 -0500
Processing by UsersController#index as HTML
  [1m[36mUser Load (0.8ms)[0m  [1m[34mSELECT  "users".* FROM "users" WHERE "users"."session_token" IS NULL LIMIT $1[0m  [["LIMIT", 1]]
  ↳ app/controllers/application_controller.rb:6
Redirected to http://localhost:3000/session/new
Filter chain halted as :ensure_logged_in rendered or redirected
Completed 302 Found in 6ms (ActiveRecord: 0.8ms)


Started GET "/session/new" for ::1 at 2022-01-21 16:57:34 -0500
Processing by SessionsController#new as HTML
  Rendering sessions/new.html.erb within layouts/application
  Rendered sessions/new.html.erb within layouts/application (0.5ms)
Completed 200 OK in 85ms (Views: 83.6ms | ActiveRecord: 0.0ms)


Started GET "/users" for ::1 at 2022-01-21 17:00:51 -0500
  [1m[35m (1.3ms)[0m  [1m[34mSELECT "schema_migrations"."version" FROM "schema_migrations" ORDER BY "schema_migrations"."version" ASC[0m
  ↳ /home/sean/.rbenv/versions/2.5.1/lib/ruby/gems/2.5.0/gems/activerecord-5.2.6/lib/active_record/log_subscriber.rb:98
Processing by UsersController#index as HTML
  [1m[36mUser Load (0.7ms)[0m  [1m[34mSELECT  "users".* FROM "users" WHERE "users"."session_token" IS NULL LIMIT $1[0m  [["LIMIT", 1]]
  ↳ app/controllers/application_controller.rb:6
Redirected to http://localhost:3000/session/new
Filter chain halted as :ensure_logged_in rendered or redirected
Completed 302 Found in 41ms (ActiveRecord: 5.3ms)


Started GET "/session/new" for ::1 at 2022-01-21 17:00:51 -0500
Processing by SessionsController#new as HTML
  Rendering sessions/new.html.erb within layouts/application
  Rendered sessions/new.html.erb within layouts/application (7.6ms)
Completed 200 OK in 484ms (Views: 482.5ms | ActiveRecord: 0.0ms)


Started GET "/session/new" for ::1 at 2022-01-21 17:08:03 -0500
Processing by SessionsController#new as HTML
  Rendering sessions/new.html.erb within layouts/application
  Rendered sessions/new.html.erb within layouts/application (21.6ms)
Completed 500 Internal Server Error in 26ms (ActiveRecord: 0.0ms)



NoMethodError - undefined method `username' for nil:NilClass:
  app/views/sessions/new.html.erb:7:in `_app_views_sessions_new_html_erb___297295394018368796_70186288619700'
  app/controllers/sessions_controller.rb:5:in `new'

Started POST "/__better_errors/b18b03b4a9055a0e/variables" for ::1 at 2022-01-21 17:08:03 -0500
Started POST "/__better_errors/b18b03b4a9055a0e/eval" for ::1 at 2022-01-21 17:08:36 -0500
Started GET "/users/new" for ::1 at 2022-01-21 17:09:09 -0500
Processing by UsersController#new as HTML
  Rendering users/new.html.erb within layouts/application
  Rendered users/new.html.erb within layouts/application (1.1ms)
Completed 200 OK in 120ms (Views: 78.0ms | ActiveRecord: 12.9ms)


Started GET "/users/new" for ::1 at 2022-01-21 17:10:07 -0500
Processing by UsersController#new as HTML
  Rendering users/new.html.erb within layouts/application
  Rendered users/new.html.erb within layouts/application (1.2ms)
Completed 200 OK in 73ms (Views: 70.8ms | ActiveRecord: 0.0ms)


Started GET "/users/new" for ::1 at 2022-01-21 17:10:25 -0500
Processing by UsersController#new as HTML
  Rendering users/new.html.erb within layouts/application
  Rendered users/new.html.erb within layouts/application (1.3ms)
Completed 200 OK in 44ms (Views: 39.8ms | ActiveRecord: 0.0ms)


Started POST "/users" for ::1 at 2022-01-21 17:10:31 -0500
Processing by UsersController#create as HTML
  Parameters: {"authenticity_token"=>"oH9N2nUbi2KB7DTWInAYr40CjN+V5txCfEPlmy1q9Z5VSMbJeRz4Nbzz2GX0/MLOPrhKmfZEnXszKOd9nL7zew==", "user"=>{"username"=>"tryagain2", "password"=>"[FILTERED]"}}
  [1m[35m (0.7ms)[0m  [1m[35mBEGIN[0m
  ↳ app/controllers/users_controller.rb:12
  [1m[36mUser Exists (4.5ms)[0m  [1m[34mSELECT  1 AS one FROM "users" WHERE "users"."username" = $1 LIMIT $2[0m  [["username", "tryagain2"], ["LIMIT", 1]]
  ↳ app/controllers/users_controller.rb:12
  [1m[36mUser Exists (1.7ms)[0m  [1m[34mSELECT  1 AS one FROM "users" WHERE "users"."session_token" = $1 LIMIT $2[0m  [["session_token", "f-yFvVmxHnAIIpGvxyMjVQ"], ["LIMIT", 1]]
  ↳ app/controllers/users_controller.rb:12
  [1m[36mUser Create (1.3ms)[0m  [1m[32mINSERT INTO "users" ("username", "password_digest", "session_token", "created_at", "updated_at") VALUES ($1, $2, $3, $4, $5) RETURNING "id"[0m  [["username", "tryagain2"], ["password_digest", "$2a$12$XlzXDuNE2NjiNxlfEE41CeiOWX8xx/cis8mxLcl4sMBT01jmSOHXy"], ["session_token", "f-yFvVmxHnAIIpGvxyMjVQ"], ["created_at", "2022-01-21 22:10:31.611725"], ["updated_at", "2022-01-21 22:10:31.611725"]]
  ↳ app/controllers/users_controller.rb:12
  [1m[35m (4.1ms)[0m  [1m[35mCOMMIT[0m
  ↳ app/controllers/users_controller.rb:12
  [1m[35m (0.7ms)[0m  [1m[35mBEGIN[0m
  ↳ app/models/user.rb:36
  [1m[36mUser Exists (1.0ms)[0m  [1m[34mSELECT  1 AS one FROM "users" WHERE "users"."username" = $1 AND "users"."id" != $2 LIMIT $3[0m  [["username", "tryagain2"], ["id", 3], ["LIMIT", 1]]
  ↳ app/models/user.rb:36
  [1m[36mUser Exists (0.9ms)[0m  [1m[34mSELECT  1 AS one FROM "users" WHERE "users"."session_token" = $1 AND "users"."id" != $2 LIMIT $3[0m  [["session_token", "xIdpz7HjzDyoM44bS6mJnw"], ["id", 3], ["LIMIT", 1]]
  ↳ app/models/user.rb:36
  [1m[36mUser Update (1.4ms)[0m  [1m[33mUPDATE "users" SET "session_token" = $1, "updated_at" = $2 WHERE "users"."id" = $3[0m  [["session_token", "xIdpz7HjzDyoM44bS6mJnw"], ["updated_at", "2022-01-21 22:10:31.636950"], ["id", 3]]
  ↳ app/models/user.rb:36
  [1m[35m (9.2ms)[0m  [1m[35mCOMMIT[0m
  ↳ app/models/user.rb:36
Redirected to http://localhost:3000/users
Completed 302 Found in 511ms (ActiveRecord: 25.4ms)


Started GET "/users" for ::1 at 2022-01-21 17:10:31 -0500
Processing by UsersController#index as HTML
  [1m[36mUser Load (1.4ms)[0m  [1m[34mSELECT  "users".* FROM "users" WHERE "users"."session_token" = $1 LIMIT $2[0m  [["session_token", "xIdpz7HjzDyoM44bS6mJnw"], ["LIMIT", 1]]
  ↳ app/controllers/application_controller.rb:6
  Rendering users/index.html.erb within layouts/application
  [1m[36mUser Load (2.1ms)[0m  [1m[34mSELECT "users".* FROM "users"[0m
  ↳ app/views/users/index.html.erb:4
  Rendered users/index.html.erb within layouts/application (4.6ms)
Completed 200 OK in 76ms (Views: 64.2ms | ActiveRecord: 4.3ms)


Started GET "/users" for ::1 at 2022-01-21 17:11:03 -0500
Processing by UsersController#index as HTML
  [1m[36mUser Load (1.0ms)[0m  [1m[34mSELECT  "users".* FROM "users" WHERE "users"."session_token" = $1 LIMIT $2[0m  [["session_token", "xIdpz7HjzDyoM44bS6mJnw"], ["LIMIT", 1]]
  ↳ app/controllers/application_controller.rb:6
  Rendering users/index.html.erb within layouts/application
  [1m[36mUser Load (0.6ms)[0m  [1m[34mSELECT "users".* FROM "users"[0m
  ↳ app/views/users/index.html.erb:4
  Rendered users/index.html.erb within layouts/application (3.9ms)
Completed 200 OK in 67ms (Views: 61.3ms | ActiveRecord: 1.7ms)


Started GET "/users/new" for ::1 at 2022-01-21 17:11:09 -0500
Processing by UsersController#new as HTML
  Rendering users/new.html.erb within layouts/application
  Rendered users/new.html.erb within layouts/application (1.3ms)
Completed 200 OK in 68ms (Views: 64.6ms | ActiveRecord: 0.0ms)


Started POST "/users" for ::1 at 2022-01-21 17:11:15 -0500
Processing by UsersController#create as HTML
  Parameters: {"authenticity_token"=>"jNkOGOzTIaCWiZ/sZ5MByzPhoPuM4MXwOEAcH066noR57oUL4NRS96uWc1+xH9uqgFtmve9ChMl3Kx75/26YYQ==", "user"=>{"username"=>"tryagain2", "password"=>"[FILTERED]"}}
  [1m[35m (0.4ms)[0m  [1m[35mBEGIN[0m
  ↳ app/controllers/users_controller.rb:12
  [1m[36mUser Exists (0.7ms)[0m  [1m[34mSELECT  1 AS one FROM "users" WHERE "users"."username" = $1 LIMIT $2[0m  [["username", "tryagain2"], ["LIMIT", 1]]
  ↳ app/controllers/users_controller.rb:12
  [1m[36mUser Exists (1.5ms)[0m  [1m[34mSELECT  1 AS one FROM "users" WHERE "users"."session_token" = $1 LIMIT $2[0m  [["session_token", "U8yzq8Ntbsx-0vLyWTgEaA"], ["LIMIT", 1]]
  ↳ app/controllers/users_controller.rb:12
  [1m[35m (1.3ms)[0m  [1m[31mROLLBACK[0m
  ↳ app/controllers/users_controller.rb:12
  Rendering users/new.html.erb within layouts/application
  Rendered users/new.html.erb within layouts/application (1.0ms)
Completed 200 OK in 535ms (Views: 59.8ms | ActiveRecord: 3.9ms)


Started GET "/session" for ::1 at 2022-01-21 17:12:20 -0500
  
ActionController::RoutingError (No route matches [GET] "/session"):
  
actionpack (5.2.6) lib/action_dispatch/middleware/debug_exceptions.rb:65:in `call'
web-console (3.7.0) lib/web_console/middleware.rb:135:in `call_app'
web-console (3.7.0) lib/web_console/middleware.rb:30:in `block in call'
web-console (3.7.0) lib/web_console/middleware.rb:20:in `catch'
web-console (3.7.0) lib/web_console/middleware.rb:20:in `call'
actionpack (5.2.6) lib/action_dispatch/middleware/show_exceptions.rb:33:in `call'
railties (5.2.6) lib/rails/rack/logger.rb:38:in `call_app'
railties (5.2.6) lib/rails/rack/logger.rb:26:in `block in call'
activesupport (5.2.6) lib/active_support/tagged_logging.rb:71:in `block in tagged'
activesupport (5.2.6) lib/active_support/tagged_logging.rb:28:in `tagged'
activesupport (5.2.6) lib/active_support/tagged_logging.rb:71:in `tagged'
railties (5.2.6) lib/rails/rack/logger.rb:26:in `call'
sprockets-rails (3.4.2) lib/sprockets/rails/quiet_assets.rb:13:in `call'
actionpack (5.2.6) lib/action_dispatch/middleware/remote_ip.rb:81:in `call'
actionpack (5.2.6) lib/action_dispatch/middleware/request_id.rb:27:in `call'
rack (2.2.3) lib/rack/method_override.rb:24:in `call'
rack (2.2.3) lib/rack/runtime.rb:22:in `call'
activesupport (5.2.6) lib/active_support/cache/strategy/local_cache_middleware.rb:29:in `call'
actionpack (5.2.6) lib/action_dispatch/middleware/executor.rb:14:in `call'
actionpack (5.2.6) lib/action_dispatch/middleware/static.rb:127:in `call'
rack (2.2.3) lib/rack/sendfile.rb:110:in `call'
railties (5.2.6) lib/rails/engine.rb:524:in `call'
puma (3.12.6) lib/puma/configuration.rb:227:in `call'
puma (3.12.6) lib/puma/server.rb:706:in `handle_request'
puma (3.12.6) lib/puma/server.rb:476:in `process_client'
puma (3.12.6) lib/puma/server.rb:334:in `block in run'
puma (3.12.6) lib/puma/thread_pool.rb:135:in `block in spawn_thread'
Started GET "/session/new" for ::1 at 2022-01-21 17:12:33 -0500
Processing by SessionsController#new as HTML
  Rendering sessions/new.html.erb within layouts/application
  Rendered sessions/new.html.erb within layouts/application (7.6ms)
Completed 500 Internal Server Error in 15ms (ActiveRecord: 0.0ms)



NoMethodError - undefined method `username' for nil:NilClass:
  app/views/sessions/new.html.erb:7:in `_app_views_sessions_new_html_erb___297295394018368796_70186282721520'
  app/controllers/sessions_controller.rb:5:in `new'

Started POST "/__better_errors/0f5fcc20eed6a076/variables" for ::1 at 2022-01-21 17:12:33 -0500
Started GET "/session/new" for ::1 at 2022-01-21 17:12:59 -0500
Processing by SessionsController#new as HTML
  Rendering sessions/new.html.erb within layouts/application
  Rendered sessions/new.html.erb within layouts/application (6.4ms)
Completed 200 OK in 85ms (Views: 83.0ms | ActiveRecord: 0.0ms)


Started GET "/session/new" for ::1 at 2022-01-21 17:14:23 -0500
  [1m[35m (2.6ms)[0m  [1m[34mSELECT "schema_migrations"."version" FROM "schema_migrations" ORDER BY "schema_migrations"."version" ASC[0m
  ↳ /home/sean/.rbenv/versions/2.5.1/lib/ruby/gems/2.5.0/gems/activerecord-5.2.6/lib/active_record/log_subscriber.rb:98
Processing by SessionsController#new as HTML
  Rendering sessions/new.html.erb within layouts/application
  Rendered sessions/new.html.erb within layouts/application (1.4ms)
Completed 200 OK in 378ms (Views: 370.0ms | ActiveRecord: 0.0ms)


Started GET "/users/new" for ::1 at 2022-01-21 17:15:20 -0500
Processing by UsersController#new as HTML
  Rendering users/new.html.erb within layouts/application
  Rendered users/new.html.erb within layouts/application (1.0ms)
Completed 200 OK in 89ms (Views: 54.0ms | ActiveRecord: 4.4ms)


